

Transaction

  Prefix: /home/asafpinhasi/miniforge3/envs/align

  Updating specs:

   - star
   - samtools


  Package                 Version  Build             Channel           Size
─────────────────────────────────────────────────────────────────────────────
  Install:
─────────────────────────────────────────────────────────────────────────────

  + _openmp_mutex             4.5  20_gnu            conda-forge     Cached
  + bzip2                   1.0.8  hda65f42_9        conda-forge     Cached
  + c-ares                 1.34.6  hb03c661_0        conda-forge     Cached
  + ca-certificates     2026.6.17  hbd8a1cb_0        conda-forge     Cached
  + htslib                 1.23.1  h633afcb_0        bioconda           1MB
  + keyutils                1.6.3  hb9d3cd8_0        conda-forge     Cached
  + krb5                   1.22.2  hbde042b_1        conda-forge        1MB
  + libcurl                8.20.0  hcf29cc6_0        conda-forge      469kB
  + libdeflate               1.25  h17f619e_0        conda-forge     Cached
  + libedit          3.1.20250104  pl5321h7949ede_0  conda-forge     Cached
  + libev                    4.33  hd590300_2        conda-forge     Cached
  + libgcc                 15.2.0  he0feb66_19       conda-forge     Cached
  + libgcc-ng              15.2.0  h69a702a_19       conda-forge     Cached
  + libgomp                15.2.0  he0feb66_19       conda-forge     Cached
  + liblzma                 5.8.3  hb03c661_0        conda-forge      113kB
  + libnghttp2             1.68.1  h877daf1_0        conda-forge      663kB
  + libssh2                1.11.1  hcf80075_0        conda-forge     Cached
  + libstdcxx              15.2.0  h934c35e_19       conda-forge     Cached
  + libzlib                 1.3.2  h25fd6f3_2        conda-forge       64kB
  + ncurses                   6.6  hdb14827_0        conda-forge     Cached
  + openssl                 3.6.3  h35e630c_0        conda-forge        3MB
  + samtools               1.23.1  ha83d96e_0        bioconda         490kB
  + star                  2.7.11b  h5ca1c30_8        bioconda           1MB
  + zstd                    1.5.7  hb78ec9c_6        conda-forge     Cached

  Summary:

  Install: 24 packages

  Total download: 9MB

─────────────────────────────────────────────────────────────────────────────



Transaction starting
Linking libgomp-15.2.0-he0feb66_19
Linking libzlib-1.3.2-h25fd6f3_2
Linking _openmp_mutex-4.5-20_gnu
Linking zstd-1.5.7-hb78ec9c_6
Linking libgcc-15.2.0-he0feb66_19
Linking keyutils-1.6.3-hb9d3cd8_0
Linking libgcc-ng-15.2.0-h69a702a_19
Linking liblzma-5.8.3-hb03c661_0
Linking c-ares-1.34.6-hb03c661_0
Linking bzip2-1.0.8-hda65f42_9
Linking ncurses-6.6-hdb14827_0
Linking libstdcxx-15.2.0-h934c35e_19
Linking libdeflate-1.25-h17f619e_0
Linking libev-4.33-hd590300_2
Linking libedit-3.1.20250104-pl5321h7949ede_0
Linking ca-certificates-2026.6.17-hbd8a1cb_0
Linking openssl-3.6.3-h35e630c_0
Linking libssh2-1.11.1-hcf80075_0
Linking krb5-1.22.2-hbde042b_1
Linking libnghttp2-1.68.1-h877daf1_0
Linking libcurl-8.20.0-hcf29cc6_0
Linking htslib-1.23.1-h633afcb_0
Linking star-2.7.11b-h5ca1c30_8
Linking samtools-1.23.1-ha83d96e_0

Transaction finished


To activate this environment, use:

    mamba activate align

Or to execute a single command in this environment, use:

    mamba run -n align mycommand

ENV OK
